0 info it worked if it ends with ok
1 verbose cli [ '/usr/local/Cellar/node/0.10.26/bin/node',
1 verbose cli   '/usr/local/bin/npm',
1 verbose cli   'install',
1 verbose cli   'lessc' ]
2 info using npm@1.4.3
3 info using node@v0.10.26
4 warn package.json whispeer@0.0.1 No description
5 warn package.json whispeer@0.0.1 No repository field.
6 warn package.json whispeer@0.0.1 No README data
7 warn package.json secure_random@0.1.0 No repository field.
8 warn package.json whispeerValidations@0.0.2 No repository field.
9 verbose readDependencies using package.json deps
10 verbose cache add [ 'lessc', null ]
11 verbose cache add name=undefined spec="lessc" args=["lessc",null]
12 verbose parsed url { protocol: null,
12 verbose parsed url   slashes: null,
12 verbose parsed url   auth: null,
12 verbose parsed url   host: null,
12 verbose parsed url   port: null,
12 verbose parsed url   hostname: null,
12 verbose parsed url   hash: null,
12 verbose parsed url   search: null,
12 verbose parsed url   query: null,
12 verbose parsed url   pathname: 'lessc',
12 verbose parsed url   path: 'lessc',
12 verbose parsed url   href: 'lessc' }
13 silly lockFile 8b3a335c-lessc lessc
14 verbose lock lessc /Users/martin/.npm/8b3a335c-lessc.lock
15 silly lockFile 8b3a335c-lessc lessc
16 silly lockFile 8b3a335c-lessc lessc
17 verbose addNamed [ 'lessc', '' ]
18 verbose addNamed [ null, '*' ]
19 silly lockFile a47c36bc-lessc lessc@
20 verbose lock lessc@ /Users/martin/.npm/a47c36bc-lessc.lock
21 silly addNameRange { name: 'lessc', range: '*', hasData: false }
22 verbose url raw lessc
23 verbose url resolving [ 'https://registry.npmjs.org/', './lessc' ]
24 verbose url resolved https://registry.npmjs.org/lessc
25 info trying registry request attempt 1 at 20:12:34
26 http GET https://registry.npmjs.org/lessc
27 http 404 https://registry.npmjs.org/lessc
28 silly registry.get cb [ 404,
28 silly registry.get   { date: 'Fri, 04 Apr 2014 18:12:29 GMT',
28 silly registry.get     server: 'CouchDB/1.5.0 (Erlang OTP/R14B04)',
28 silly registry.get     'content-type': 'application/json',
28 silly registry.get     via: '1.1 varnish',
28 silly registry.get     'cache-control': 'max-age=0',
28 silly registry.get     'content-length': '52',
28 silly registry.get     'accept-ranges': 'bytes',
28 silly registry.get     age: '0',
28 silly registry.get     'x-served-by': 'cache-v44-ASH, cache-fra1235-FRA',
28 silly registry.get     'x-cache': 'MISS, MISS',
28 silly registry.get     'x-cache-hits': '0, 0',
28 silly registry.get     'x-timer': 'S1396635149.141979694,VS0,VS48,VE142,VE193',
28 silly registry.get     'keep-alive': 'timeout=10, max=50',
28 silly registry.get     connection: 'Keep-Alive' } ]
29 silly lockFile a47c36bc-lessc lessc@
30 silly lockFile a47c36bc-lessc lessc@
31 error 404 'lessc' is not in the npm registry.
31 error 404 You should bug the author to publish it
31 error 404 It was specified as a dependency of 'whispeer'
31 error 404
31 error 404 Note that you can also install from a
31 error 404 tarball, folder, or http url, or git url.
32 error System Darwin 13.1.0
33 error command "/usr/local/Cellar/node/0.10.26/bin/node" "/usr/local/bin/npm" "install" "lessc"
34 error cwd /Volumes/whispeer/ssn/main
35 error node -v v0.10.26
36 error npm -v 1.4.3
37 error code E404
38 verbose exit [ 1, true ]
