2014-05-23 18:54:25.845 HelloWorld[2183:70b] Multi-tasking -> Device: YES, App: YES
2014-05-23 18:54:26.146 HelloWorld[2183:70b] Resetting plugins due to page load.
2014-05-23 18:54:26.231 HelloWorld[2183:70b] Finished load of: file:///Users/martin/Library/Application%20Support/iPhone%20Simulator/7.1/Applications/0D3124C6-5192-4B9B-9C8B-87B874340C2B/HelloWorld.app/www/index.html
Terminating in response to SpringBoard's termination.
2014-05-23 18:57:25.485 HelloWorld[3022:70b] Multi-tasking -> Device: YES, App: YES
2014-05-23 18:57:25.589 HelloWorld[3022:70b] Resetting plugins due to page load.
2014-05-23 18:57:25.665 HelloWorld[3022:70b] Finished load of: file:///Users/martin/Library/Application%20Support/iPhone%20Simulator/7.1/Applications/0D3124C6-5192-4B9B-9C8B-87B874340C2B/HelloWorld.app/www/index.html
2014-05-23 18:58:14.493 HelloWorld[3022:70b] Received memory warning.
2014-05-23 19:02:46.951 HelloWorld[3663:70b] Multi-tasking -> Device: YES, App: YES
2014-05-23 19:02:47.063 HelloWorld[3663:70b] Resetting plugins due to page load.
2014-05-23 19:02:47.124 HelloWorld[3663:70b] Finished load of: file:///Users/martin/Library/Application%20Support/iPhone%20Simulator/7.1/Applications/0D3124C6-5192-4B9B-9C8B-87B874340C2B/HelloWorld.app/www/index.html
2014-05-27 17:10:10.096 HelloWorld[26938:70b] Multi-tasking -> Device: YES, App: YES
2014-05-27 17:10:10.481 HelloWorld[26938:70b] Resetting plugins due to page load.
2014-05-27 17:10:10.646 HelloWorld[26938:70b] setting movie path: 
2014-05-27 17:10:10.655 HelloWorld[26938:70b] Finished load of: file:///Users/martin/Library/Application%20Support/iPhone%20Simulator/7.1/Applications/0D3124C6-5192-4B9B-9C8B-87B874340C2B/HelloWorld.app/www/index.html
2014-05-27 17:10:10.822 HelloWorld[26938:4003] ERROR whitelist rejection: url='https://beta.whispeer.de:3001/socket.io/1/?t=1401203410822'
2014-05-27 17:10:10.822 HelloWorld[26938:4003] ERROR whitelist rejection: url='https://beta.whispeer.de:3001/socket.io/1/?t=1401203410822'
2014-05-27 17:10:10.823 HelloWorld[26938:4003] ERROR whitelist rejection: url='https://beta.whispeer.de:3001/socket.io/1/?t=1401203410822'
May 27 17:12:06 trizz.local HelloWorld[26938] <Error>: CGImageCreate: invalid image size: 0 x 0.
2014-05-27 17:22:49.808 HelloWorld[28565:70b] Multi-tasking -> Device: YES, App: YES
2014-05-27 17:22:49.922 HelloWorld[28565:70b] Resetting plugins due to page load.
2014-05-27 17:22:50.011 HelloWorld[28565:70b] setting movie path: 
2014-05-27 17:22:50.019 HelloWorld[28565:70b] Finished load of: file:///Users/martin/Library/Application%20Support/iPhone%20Simulator/7.1/Applications/0D3124C6-5192-4B9B-9C8B-87B874340C2B/HelloWorld.app/www/index.html
2014-05-27 17:22:50.212 HelloWorld[28565:3f03] ERROR whitelist rejection: url='https://beta.whispeer.de:3001/socket.io/1/?t=1401204170210'
2014-05-27 17:22:50.213 HelloWorld[28565:3f03] ERROR whitelist rejection: url='https://beta.whispeer.de:3001/socket.io/1/?t=1401204170210'
2014-05-27 17:22:50.213 HelloWorld[28565:3f03] ERROR whitelist rejection: url='https://beta.whispeer.de:3001/socket.io/1/?t=1401204170210'
May 27 17:24:21 trizz.local HelloWorld[28565] <Error>: CGImageCreate: invalid image size: 0 x 0.
2014-05-27 17:29:37.287 HelloWorld[29899:70b] Multi-tasking -> Device: YES, App: YES
2014-05-27 17:29:37.385 HelloWorld[29899:70b] Resetting plugins due to page load.
2014-05-27 17:29:37.468 HelloWorld[29899:70b] setting movie path: 
2014-05-27 17:29:37.473 HelloWorld[29899:70b] Finished load of: file:///Users/martin/Library/Application%20Support/iPhone%20Simulator/7.1/Applications/0D3124C6-5192-4B9B-9C8B-87B874340C2B/HelloWorld.app/www/index.html
May 27 17:30:14 trizz.local HelloWorld[29899] <Error>: CGImageCreate: invalid image size: 0 x 0.
May 27 17:59:17 trizz.local HelloWorld[29899] <Error>: CGImageCreate: invalid image size: 0 x 0.
2014-06-03 11:51:47.798 HelloWorld[10736:70b] Multi-tasking -> Device: YES, App: YES
2014-06-03 11:51:48.151 HelloWorld[10736:70b] Resetting plugins due to page load.
2014-06-03 11:51:48.319 HelloWorld[10736:70b] setting movie path: 
2014-06-03 11:51:48.329 HelloWorld[10736:70b] Finished load of: file:///Users/martin/Library/Application%20Support/iPhone%20Simulator/7.1/Applications/0D3124C6-5192-4B9B-9C8B-87B874340C2B/HelloWorld.app/www/index.html
2014-06-03 12:11:21.797 HelloWorld[20418:70b] Multi-tasking -> Device: YES, App: YES
2014-06-03 12:11:29.497 HelloWorld[20418:70b] Resetting plugins due to page load.
2014-06-03 12:11:29.571 HelloWorld[20418:70b] setting movie path: 
2014-06-03 12:11:29.576 HelloWorld[20418:70b] Finished load of: file:///Users/martin/Library/Application%20Support/iPhone%20Simulator/7.1/Applications/0D3124C6-5192-4B9B-9C8B-87B874340C2B/HelloWorld.app/www/index.html
2014-06-03 12:13:43.759 HelloWorld[21499:70b] Multi-tasking -> Device: YES, App: YES
2014-06-03 12:13:43.841 HelloWorld[21499:70b] Resetting plugins due to page load.
2014-06-03 12:13:43.926 HelloWorld[21499:70b] setting movie path: 
2014-06-03 12:13:43.933 HelloWorld[21499:70b] Finished load of: file:///Users/martin/Library/Application%20Support/iPhone%20Simulator/7.1/Applications/0D3124C6-5192-4B9B-9C8B-87B874340C2B/HelloWorld.app/www/index.html
2014-06-05 13:47:11.405 HelloWorld[87661:70b] Multi-tasking -> Device: YES, App: YES
2014-06-05 13:47:11.571 HelloWorld[87661:70b] Resetting plugins due to page load.
2014-06-05 13:47:11.662 HelloWorld[87661:70b] setting movie path: 
2014-06-05 13:47:11.668 HelloWorld[87661:70b] Finished load of: file:///Users/martin/Library/Application%20Support/iPhone%20Simulator/7.1/Applications/0D3124C6-5192-4B9B-9C8B-87B874340C2B/HelloWorld.app/www/index.html
2014-06-05 13:47:41.164 HelloWorld[88289:70b] Multi-tasking -> Device: YES, App: YES
2014-06-05 13:47:41.209 HelloWorld[88289:70b] Resetting plugins due to page load.
2014-06-05 13:47:41.253 HelloWorld[88289:70b] setting movie path: 
2014-06-05 13:47:41.258 HelloWorld[88289:70b] Finished load of: file:///Users/martin/Library/Application%20Support/iPhone%20Simulator/7.1/Applications/0D3124C6-5192-4B9B-9C8B-87B874340C2B/HelloWorld.app/www/index.html
2014-06-05 13:48:06.397 HelloWorld[88349:70b] Multi-tasking -> Device: YES, App: YES
2014-06-05 13:48:06.476 HelloWorld[88349:70b] Resetting plugins due to page load.
2014-06-05 13:48:06.523 HelloWorld[88349:70b] setting movie path: 
2014-06-05 13:48:06.528 HelloWorld[88349:70b] Finished load of: file:///Users/martin/Library/Application%20Support/iPhone%20Simulator/7.1/Applications/3AEBD5AC-2527-42C7-9ED7-8758240D6F75/HelloWorld.app/www/index.html
2014-06-05 13:58:01.005 HelloWorld[92163:70b] Multi-tasking -> Device: YES, App: YES
2014-06-05 13:58:01.052 HelloWorld[92163:70b] Resetting plugins due to page load.
2014-06-05 13:58:01.117 HelloWorld[92163:70b] setting movie path: 
2014-06-05 13:58:01.121 HelloWorld[92163:70b] Finished load of: file:///Users/martin/Library/Application%20Support/iPhone%20Simulator/7.1/Applications/3AEBD5AC-2527-42C7-9ED7-8758240D6F75/HelloWorld.app/www/index.html
Jun  5 13:58:16 trizz.local HelloWorld[92163] <Error>: CGImageCreate: invalid image size: 0 x 0.
2014-06-05 13:58:21.730 HelloWorld[92223:70b] Multi-tasking -> Device: YES, App: YES
2014-06-05 13:58:21.808 HelloWorld[92223:70b] Resetting plugins due to page load.
2014-06-05 13:58:21.871 HelloWorld[92223:70b] setting movie path: 
2014-06-05 13:58:21.875 HelloWorld[92223:70b] Finished load of: file:///Users/martin/Library/Application%20Support/iPhone%20Simulator/7.1/Applications/3AEBD5AC-2527-42C7-9ED7-8758240D6F75/HelloWorld.app/www/index.html
2014-06-05 14:01:06.845 HelloWorld[92502:70b] Multi-tasking -> Device: YES, App: YES
2014-06-05 14:01:06.945 HelloWorld[92502:70b] Resetting plugins due to page load.
2014-06-05 14:01:07.027 HelloWorld[92502:70b] setting movie path: 
2014-06-05 14:01:07.050 HelloWorld[92502:70b] Finished load of: file:///Users/martin/Library/Application%20Support/iPhone%20Simulator/7.1/Applications/3AEBD5AC-2527-42C7-9ED7-8758240D6F75/HelloWorld.app/www/index.html
2014-06-05 14:06:07.798 HelloWorld[93713:70b] Multi-tasking -> Device: YES, App: YES
2014-06-05 14:06:07.852 HelloWorld[93713:70b] Resetting plugins due to page load.
2014-06-05 14:06:07.928 HelloWorld[93713:70b] setting movie path: 
2014-06-05 14:06:07.933 HelloWorld[93713:70b] Finished load of: file:///Users/martin/Library/Application%20Support/iPhone%20Simulator/7.1/Applications/3AEBD5AC-2527-42C7-9ED7-8758240D6F75/HelloWorld.app/www/index.html
Jun  5 14:06:10 trizz.local HelloWorld[93713] <Error>: CGImageCreate: invalid image size: 0 x 0.
2014-06-05 14:06:15.864 HelloWorld[93768:70b] Multi-tasking -> Device: YES, App: YES
2014-06-05 14:06:15.961 HelloWorld[93768:70b] Resetting plugins due to page load.
2014-06-05 14:06:16.033 HelloWorld[93768:70b] setting movie path: 
2014-06-05 14:06:16.038 HelloWorld[93768:70b] Finished load of: file:///Users/martin/Library/Application%20Support/iPhone%20Simulator/7.1/Applications/3AEBD5AC-2527-42C7-9ED7-8758240D6F75/HelloWorld.app/www/index.html
Jun  5 14:06:29 trizz.local HelloWorld[93768] <Error>: CGImageCreate: invalid image size: 0 x 0.
